Enter number of rows, columns, and terms
Enter row, column, and value of term 1
Enter row, column, and value of term 2
Enter row, column, and value of term 3
Enter row, column, and value of term 4
Enter row, column, and value of term 5
Enter row, column, and value of term 6
Matrix A is
rows = 4 columns = 5
row 1
column 3 value 2
  
row 2
column 5 value 3
  
row 3
column 1 value 4
  column 4 value 5
  
row 4
column 2 value 1
  column 5 value 2
  
Enter number of rows, columns, and terms
Enter row, column, and value of term 1
Enter row, column, and value of term 2
Enter row, column, and value of term 3
Enter row, column, and value of term 4
Enter row, column, and value of term 5
Matrix B is
rows = 4 columns = 5
row 1
column 2 value 1
  column 3 value 3
  
row 3
column 1 value 4
  column 2 value 3
  column 4 value -5
  
The transpose of A is
rows = 5 columns = 4
row 1
column 3 value 4
  
row 2
column 4 value 1
  
row 3
column 1 value 2
  
row 4
column 3 value 5
  
row 5
column 2 value 3
  column 4 value 2
  
