2 4 6 8 10 12 14 16 18 20 22 24 26 28 30 32 34 36 38 40 
1 2 3 4 5 6 7 8 9 10 11 12 13 14 15 16 17 18 19 20 21 22 23 24 25 26 27 28 29 30 31 32 33 34 35 36 37 38 39 40 41 
Deleted 1  21
Deleted 3  22
Deleted 5  23
Deleted 7  24
Deleted 9  25
Deleted 11  26
Deleted 13  27
Deleted 15  28
Deleted 17  29
Deleted 19  30
Deleted 21  31
Deleted 23  32
Deleted 25  33
Deleted 27  34
Deleted 29  35
Deleted 31  36
Deleted 33  37
Deleted 35  38
Deleted 37  39
Deleted 39  40
Deleted 41  41
2 4 6 8 10 12 14 16 18 20 22 24 26 28 30 32 34 36 38 40 
