Enter the number of vertices in the digraph
Enter the number of edges in the digraph
Enter edge 1
Enter edge 2
Enter edge 3
Enter edge 4
Enter edge 5
Enter edge 6
The digraph has 6 edges.
0 1 1 0 0 0 0 0 
0 0 0 0 0 0 0 0 
0 0 0 0 0 0 0 0 
0 0 0 0 1 0 0 0 
0 0 0 0 0 1 0 0 
0 0 0 0 0 0 0 0 
0 0 0 0 1 1 0 0 
0 0 0 0 0 0 0 0 
Enter the number of vertices in the digraph
Enter the number of edges in the digraph
Enter edge 1
Enter edge 2
Enter edge 3
Enter edge 4
Enter edge 5
Enter edge 6
Enter edge 7
Enter edge 8
Enter edge 9
Enter edge 10
The digraph has 10 edges.
0 0 0 0 0 1 
1 0 0 0 0 1 
0 1 0 0 1 1 
1 1 0 0 1 0 
0 1 0 0 0 0 
0 0 0 0 0 0 

