Optimal value is 17
Rest of table is
0 0 0 0 0 0 0 0 0 0 0 0 0 
0 0 0 0 0 0 0 0 0 0 0 0 0 
0 0 0 0 0 0 5 5 5 5 5 5 5 
0 0 3 3 6 6 6 6 6 6 6 6 6 
0 0 3 3 6 6 6 6 6 6 6 6 6 
0 0 3 3 6 6 6 6 8 8 11 11 11 
0 0 3 3 6 6 9 9 9 9 11 11 11 
0 0 3 3 6 6 9 9 9 10 11 11 11 
0 0 3 3 6 6 9 9 9 10 11 11 14 
0 0 3 3 6 6 9 9 9 10 11 11 14 
0 0 3 3 6 6 9 9 9 10 11 13 14 
0 0 0 0 0 0 0 0 0 0 0 0 0 
0 0 0 0 0 0 0 0 0 0 0 0 0 
0 0 0 0 0 0 5 5 5 5 5 5 5 
0 0 0 0 6 6 6 6 6 6 6 6 6 
0 0 0 0 6 6 6 6 6 6 6 6 6 
0 0 0 0 6 6 6 6 6 6 11 11 11 
0 0 0 0 6 6 6 6 6 6 11 11 11 
0 0 0 0 6 6 6 6 6 10 11 11 11 
0 0 0 0 6 6 6 6 6 10 11 11 11 
0 0 0 0 6 6 6 6 6 10 11 11 11 
0 0 0 0 6 6 6 6 6 10 11 11 11 
0 0 0 0 0 0 0 0 0 0 0 0 0 
0 0 0 0 0 0 0 0 0 0 0 0 0 
0 0 0 0 0 0 0 0 0 0 0 0 0 
0 0 0 0 6 6 6 6 6 6 6 6 6 
0 0 0 0 6 6 6 6 6 6 6 6 6 
0 0 0 0 6 6 6 6 6 6 6 6 6 
0 0 0 0 6 6 6 6 6 6 6 6 6 
0 0 0 0 6 6 6 6 6 10 10 10 10 
0 0 0 0 6 6 6 6 6 10 10 10 10 
0 0 0 0 6 6 6 6 6 10 10 10 10 
0 0 0 0 6 6 6 6 6 10 10 10 10 
0 0 0 0 0 0 0 0 0 0 0 0 0 
0 0 0 0 0 0 0 0 0 0 0 0 0 
0 0 0 0 0 0 0 0 0 0 0 0 0 
0 0 0 0 6 6 6 6 6 6 6 6 6 
0 0 0 0 6 6 6 6 6 6 6 6 6 
0 0 0 0 6 6 6 6 6 6 6 6 6 
0 0 0 0 6 6 6 6 6 6 6 6 6 
0 0 0 0 6 6 6 6 6 6 6 6 6 
0 0 0 0 6 6 6 6 6 6 6 6 6 
0 0 0 0 6 6 6 6 6 6 6 6 6 
0 0 0 0 6 6 6 6 6 6 6 6 6 
