Initial size of x, y, and z = 0, 0, 0
x is empty
y is empty
Inserted 6 integers, list y should be 1 2 3 4 5 6
Size of y = 6
y is not empty
1  2  3  4  5  6  
Testing overloaded <<
1  2  3  4  5  6  
The index of 4 is 3
7 not found
Element with index 0 is 1
Element with index 3 is 4
Element 1 erased
The list is 1  3  4  5  6  
Element 2 erased
The list is 1  3  5  6  
Element 0 erased
The list is 3  5  6  
Size of y = 3
y is not empty
Illegal index exception
Insert index must be between 0 and list size
index = -3 size = 3
w should be old y, new y has first 2 elements removed
w is 3  5  6  
y is 6  
y is 7  6  5  4  6  
