500 500 1994
1 1 3
2 1 3
2 2 3
3 1 3
3 2 3
3 3 3
4 1 3
4 2 3
4 3 3
4 4 3
5 2 3
5 3 3
5 4 3
5 5 3
6 3 3
6 4 3
6 5 3
6 6 3
7 4 3
7 5 3
7 6 3
7 7 3
8 5 3
8 6 3
8 7 3
8 8 3
9 6 3
9 7 3
9 8 3
9 9 3
10 7 3
10 8 3
10 9 3
10 10 3
11 8 3
11 9 3
11 10 3
11 11 3
12 9 3
12 10 3
12 11 3
12 12 3
13 10 3
13 11 3
13 12 3
13 13 3
14 11 3
14 12 3
14 13 3
14 14 3
15 12 3
15 13 3
15 14 3
15 15 3
16 13 3
16 14 3
16 15 3
16 16 3
17 14 3
17 15 3
17 16 3
17 17 3
18 15 3
18 16 3
18 17 3
18 18 3
19 16 3
19 17 3
19 18 3
19 19 3
20 17 3
20 18 3
20 19 3
20 20 3
21 18 3
21 19 3
21 20 3
21 21 3
22 19 3
22 20 3
22 21 3
22 22 3
23 20 3
23 21 3
23 22 3
23 23 3
24 21 3
24 22 3
24 23 3
24 24 3
25 22 3
25 23 3
25 24 3
25 25 3
26 23 3
26 24 3
26 25 3
26 26 3
27 24 3
27 25 3
27 26 3
27 27 3
28 25 3
28 26 3
28 27 3
28 28 3
29 26 3
29 27 3
29 28 3
29 29 3
30 27 3
30 28 3
30 29 3
30 30 3
31 28 3
31 29 3
31 30 3
31 31 3
32 29 3
32 30 3
32 31 3
32 32 3
33 30 3
33 31 3
33 32 3
33 33 3
34 31 3
34 32 3
34 33 3
34 34 3
35 32 3
35 33 3
35 34 3
35 35 3
36 33 3
36 34 3
36 35 3
36 36 3
37 34 3
37 35 3
37 36 3
37 37 3
38 35 3
38 36 3
38 37 3
38 38 3
39 36 3
39 37 3
39 38 3
39 39 3
40 37 3
40 38 3
40 39 3
40 40 3
41 38 3
41 39 3
41 40 3
41 41 3
42 39 3
42 40 3
42 41 3
42 42 3
43 40 3
43 41 3
43 42 3
43 43 3
44 41 3
44 42 3
44 43 3
44 44 3
45 42 3
45 43 3
45 44 3
45 45 3
46 43 3
46 44 3
46 45 3
46 46 3
47 44 3
47 45 3
47 46 3
47 47 3
48 45 3
48 46 3
48 47 3
48 48 3
49 46 3
49 47 3
49 48 3
49 49 3
50 47 3
50 48 3
50 49 3
50 50 3
51 48 3
51 49 3
51 50 3
51 51 3
52 49 3
52 50 3
52 51 3
52 52 3
53 50 3
53 51 3
53 52 3
53 53 3
54 51 3
54 52 3
54 53 3
54 54 3
55 52 3
55 53 3
55 54 3
55 55 3
56 53 3
56 54 3
56 55 3
56 56 3
57 54 3
57 55 3
57 56 3
57 57 3
58 55 3
58 56 3
58 57 3
58 58 3
59 56 3
59 57 3
59 58 3
59 59 3
60 57 3
60 58 3
60 59 3
60 60 3
61 58 3
61 59 3
61 60 3
61 61 3
62 59 3
62 60 3
62 61 3
62 62 3
63 60 3
63 61 3
63 62 3
63 63 3
64 61 3
64 62 3
64 63 3
64 64 3
65 62 3
65 63 3
65 64 3
65 65 3
66 63 3
66 64 3
66 65 3
66 66 3
67 64 3
67 65 3
67 66 3
67 67 3
68 65 3
68 66 3
68 67 3
68 68 3
69 66 3
69 67 3
69 68 3
69 69 3
70 67 3
70 68 3
70 69 3
70 70 3
71 68 3
71 69 3
71 70 3
71 71 3
72 69 3
72 70 3
72 71 3
72 72 3
73 70 3
73 71 3
73 72 3
73 73 3
74 71 3
74 72 3
74 73 3
74 74 3
75 72 3
75 73 3
75 74 3
75 75 3
76 73 3
76 74 3
76 75 3
76 76 3
77 74 3
77 75 3
77 76 3
77 77 3
78 75 3
78 76 3
78 77 3
78 78 3
79 76 3
79 77 3
79 78 3
79 79 3
80 77 3
80 78 3
80 79 3
80 80 3
81 78 3
81 79 3
81 80 3
81 81 3
82 79 3
82 80 3
82 81 3
82 82 3
83 80 3
83 81 3
83 82 3
83 83 3
84 81 3
84 82 3
84 83 3
84 84 3
85 82 3
85 83 3
85 84 3
85 85 3
86 83 3
86 84 3
86 85 3
86 86 3
87 84 3
87 85 3
87 86 3
87 87 3
88 85 3
88 86 3
88 87 3
88 88 3
89 86 3
89 87 3
89 88 3
89 89 3
90 87 3
90 88 3
90 89 3
90 90 3
91 88 3
91 89 3
91 90 3
91 91 3
92 89 3
92 90 3
92 91 3
92 92 3
93 90 3
93 91 3
93 92 3
93 93 3
94 91 3
94 92 3
94 93 3
94 94 3
95 92 3
95 93 3
95 94 3
95 95 3
96 93 3
96 94 3
96 95 3
96 96 3
97 94 3
97 95 3
97 96 3
97 97 3
98 95 3
98 96 3
98 97 3
98 98 3
99 96 3
99 97 3
99 98 3
99 99 3
100 97 3
100 98 3
100 99 3
100 100 3
101 98 3
101 99 3
101 100 3
101 101 3
102 99 3
102 100 3
102 101 3
102 102 3
103 100 3
103 101 3
103 102 3
103 103 3
104 101 3
104 102 3
104 103 3
104 104 3
105 102 3
105 103 3
105 104 3
105 105 3
106 103 3
106 104 3
106 105 3
106 106 3
107 104 3
107 105 3
107 106 3
107 107 3
108 105 3
108 106 3
108 107 3
108 108 3
109 106 3
109 107 3
109 108 3
109 109 3
110 107 3
110 108 3
110 109 3
110 110 3
111 108 3
111 109 3
111 110 3
111 111 3
112 109 3
112 110 3
112 111 3
112 112 3
113 110 3
113 111 3
113 112 3
113 113 3
114 111 3
114 112 3
114 113 3
114 114 3
115 112 3
115 113 3
115 114 3
115 115 3
116 113 3
116 114 3
116 115 3
116 116 3
117 114 3
117 115 3
117 116 3
117 117 3
118 115 3
118 116 3
118 117 3
118 118 3
119 116 3
119 117 3
119 118 3
119 119 3
120 117 3
120 118 3
120 119 3
120 120 3
121 118 3
121 119 3
121 120 3
121 121 3
122 119 3
122 120 3
122 121 3
122 122 3
123 120 3
123 121 3
123 122 3
123 123 3
124 121 3
124 122 3
124 123 3
124 124 3
125 122 3
125 123 3
125 124 3
125 125 3
126 123 3
126 124 3
126 125 3
126 126 3
127 124 3
127 125 3
127 126 3
127 127 3
128 125 3
128 126 3
128 127 3
128 128 3
129 126 3
129 127 3
129 128 3
129 129 3
130 127 3
130 128 3
130 129 3
130 130 3
131 128 3
131 129 3
131 130 3
131 131 3
132 129 3
132 130 3
132 131 3
132 132 3
133 130 3
133 131 3
133 132 3
133 133 3
134 131 3
134 132 3
134 133 3
134 134 3
135 132 3
135 133 3
135 134 3
135 135 3
136 133 3
136 134 3
136 135 3
136 136 3
137 134 3
137 135 3
137 136 3
137 137 3
138 135 3
138 136 3
138 137 3
138 138 3
139 136 3
139 137 3
139 138 3
139 139 3
140 137 3
140 138 3
140 139 3
140 140 3
141 138 3
141 139 3
141 140 3
141 141 3
142 139 3
142 140 3
142 141 3
142 142 3
143 140 3
143 141 3
143 142 3
143 143 3
144 141 3
144 142 3
144 143 3
144 144 3
145 142 3
145 143 3
145 144 3
145 145 3
146 143 3
146 144 3
146 145 3
146 146 3
147 144 3
147 145 3
147 146 3
147 147 3
148 145 3
148 146 3
148 147 3
148 148 3
149 146 3
149 147 3
149 148 3
149 149 3
150 147 3
150 148 3
150 149 3
150 150 3
151 148 3
151 149 3
151 150 3
151 151 3
152 149 3
152 150 3
152 151 3
152 152 3
153 150 3
153 151 3
153 152 3
153 153 3
154 151 3
154 152 3
154 153 3
154 154 3
155 152 3
155 153 3
155 154 3
155 155 3
156 153 3
156 154 3
156 155 3
156 156 3
157 154 3
157 155 3
157 156 3
157 157 3
158 155 3
158 156 3
158 157 3
158 158 3
159 156 3
159 157 3
159 158 3
159 159 3
160 157 3
160 158 3
160 159 3
160 160 3
161 158 3
161 159 3
161 160 3
161 161 3
162 159 3
162 160 3
162 161 3
162 162 3
163 160 3
163 161 3
163 162 3
163 163 3
164 161 3
164 162 3
164 163 3
164 164 3
165 162 3
165 163 3
165 164 3
165 165 3
166 163 3
166 164 3
166 165 3
166 166 3
167 164 3
167 165 3
167 166 3
167 167 3
168 165 3
168 166 3
168 167 3
168 168 3
169 166 3
169 167 3
169 168 3
169 169 3
170 167 3
170 168 3
170 169 3
170 170 3
171 168 3
171 169 3
171 170 3
171 171 3
172 169 3
172 170 3
172 171 3
172 172 3
173 170 3
173 171 3
173 172 3
173 173 3
174 171 3
174 172 3
174 173 3
174 174 3
175 172 3
175 173 3
175 174 3
175 175 3
176 173 3
176 174 3
176 175 3
176 176 3
177 174 3
177 175 3
177 176 3
177 177 3
178 175 3
178 176 3
178 177 3
178 178 3
179 176 3
179 177 3
179 178 3
179 179 3
180 177 3
180 178 3
180 179 3
180 180 3
181 178 3
181 179 3
181 180 3
181 181 3
182 179 3
182 180 3
182 181 3
182 182 3
183 180 3
183 181 3
183 182 3
183 183 3
184 181 3
184 182 3
184 183 3
184 184 3
185 182 3
185 183 3
185 184 3
185 185 3
186 183 3
186 184 3
186 185 3
186 186 3
187 184 3
187 185 3
187 186 3
187 187 3
188 185 3
188 186 3
188 187 3
188 188 3
189 186 3
189 187 3
189 188 3
189 189 3
190 187 3
190 188 3
190 189 3
190 190 3
191 188 3
191 189 3
191 190 3
191 191 3
192 189 3
192 190 3
192 191 3
192 192 3
193 190 3
193 191 3
193 192 3
193 193 3
194 191 3
194 192 3
194 193 3
194 194 3
195 192 3
195 193 3
195 194 3
195 195 3
196 193 3
196 194 3
196 195 3
196 196 3
197 194 3
197 195 3
197 196 3
197 197 3
198 195 3
198 196 3
198 197 3
198 198 3
199 196 3
199 197 3
199 198 3
199 199 3
200 197 3
200 198 3
200 199 3
200 200 3
201 198 3
201 199 3
201 200 3
201 201 3
202 199 3
202 200 3
202 201 3
202 202 3
203 200 3
203 201 3
203 202 3
203 203 3
204 201 3
204 202 3
204 203 3
204 204 3
205 202 3
205 203 3
205 204 3
205 205 3
206 203 3
206 204 3
206 205 3
206 206 3
207 204 3
207 205 3
207 206 3
207 207 3
208 205 3
208 206 3
208 207 3
208 208 3
209 206 3
209 207 3
209 208 3
209 209 3
210 207 3
210 208 3
210 209 3
210 210 3
211 208 3
211 209 3
211 210 3
211 211 3
212 209 3
212 210 3
212 211 3
212 212 3
213 210 3
213 211 3
213 212 3
213 213 3
214 211 3
214 212 3
214 213 3
214 214 3
215 212 3
215 213 3
215 214 3
215 215 3
216 213 3
216 214 3
216 215 3
216 216 3
217 214 3
217 215 3
217 216 3
217 217 3
218 215 3
218 216 3
218 217 3
218 218 3
219 216 3
219 217 3
219 218 3
219 219 3
220 217 3
220 218 3
220 219 3
220 220 3
221 218 3
221 219 3
221 220 3
221 221 3
222 219 3
222 220 3
222 221 3
222 222 3
223 220 3
223 221 3
223 222 3
223 223 3
224 221 3
224 222 3
224 223 3
224 224 3
225 222 3
225 223 3
225 224 3
225 225 3
226 223 3
226 224 3
226 225 3
226 226 3
227 224 3
227 225 3
227 226 3
227 227 3
228 225 3
228 226 3
228 227 3
228 228 3
229 226 3
229 227 3
229 228 3
229 229 3
230 227 3
230 228 3
230 229 3
230 230 3
231 228 3
231 229 3
231 230 3
231 231 3
232 229 3
232 230 3
232 231 3
232 232 3
233 230 3
233 231 3
233 232 3
233 233 3
234 231 3
234 232 3
234 233 3
234 234 3
235 232 3
235 233 3
235 234 3
235 235 3
236 233 3
236 234 3
236 235 3
236 236 3
237 234 3
237 235 3
237 236 3
237 237 3
238 235 3
238 236 3
238 237 3
238 238 3
239 236 3
239 237 3
239 238 3
239 239 3
240 237 3
240 238 3
240 239 3
240 240 3
241 238 3
241 239 3
241 240 3
241 241 3
242 239 3
242 240 3
242 241 3
242 242 3
243 240 3
243 241 3
243 242 3
243 243 3
244 241 3
244 242 3
244 243 3
244 244 3
245 242 3
245 243 3
245 244 3
245 245 3
246 243 3
246 244 3
246 245 3
246 246 3
247 244 3
247 245 3
247 246 3
247 247 3
248 245 3
248 246 3
248 247 3
248 248 3
249 246 3
249 247 3
249 248 3
249 249 3
250 247 3
250 248 3
250 249 3
250 250 3
251 248 3
251 249 3
251 250 3
251 251 3
252 249 3
252 250 3
252 251 3
252 252 3
253 250 3
253 251 3
253 252 3
253 253 3
254 251 3
254 252 3
254 253 3
254 254 3
255 252 3
255 253 3
255 254 3
255 255 3
256 253 3
256 254 3
256 255 3
256 256 3
257 254 3
257 255 3
257 256 3
257 257 3
258 255 3
258 256 3
258 257 3
258 258 3
259 256 3
259 257 3
259 258 3
259 259 3
260 257 3
260 258 3
260 259 3
260 260 3
261 258 3
261 259 3
261 260 3
261 261 3
262 259 3
262 260 3
262 261 3
262 262 3
263 260 3
263 261 3
263 262 3
263 263 3
264 261 3
264 262 3
264 263 3
264 264 3
265 262 3
265 263 3
265 264 3
265 265 3
266 263 3
266 264 3
266 265 3
266 266 3
267 264 3
267 265 3
267 266 3
267 267 3
268 265 3
268 266 3
268 267 3
268 268 3
269 266 3
269 267 3
269 268 3
269 269 3
270 267 3
270 268 3
270 269 3
270 270 3
271 268 3
271 269 3
271 270 3
271 271 3
272 269 3
272 270 3
272 271 3
272 272 3
273 270 3
273 271 3
273 272 3
273 273 3
274 271 3
274 272 3
274 273 3
274 274 3
275 272 3
275 273 3
275 274 3
275 275 3
276 273 3
276 274 3
276 275 3
276 276 3
277 274 3
277 275 3
277 276 3
277 277 3
278 275 3
278 276 3
278 277 3
278 278 3
279 276 3
279 277 3
279 278 3
279 279 3
280 277 3
280 278 3
280 279 3
280 280 3
281 278 3
281 279 3
281 280 3
281 281 3
282 279 3
282 280 3
282 281 3
282 282 3
283 280 3
283 281 3
283 282 3
283 283 3
284 281 3
284 282 3
284 283 3
284 284 3
285 282 3
285 283 3
285 284 3
285 285 3
286 283 3
286 284 3
286 285 3
286 286 3
287 284 3
287 285 3
287 286 3
287 287 3
288 285 3
288 286 3
288 287 3
288 288 3
289 286 3
289 287 3
289 288 3
289 289 3
290 287 3
290 288 3
290 289 3
290 290 3
291 288 3
291 289 3
291 290 3
291 291 3
292 289 3
292 290 3
292 291 3
292 292 3
293 290 3
293 291 3
293 292 3
293 293 3
294 291 3
294 292 3
294 293 3
294 294 3
295 292 3
295 293 3
295 294 3
295 295 3
296 293 3
296 294 3
296 295 3
296 296 3
297 294 3
297 295 3
297 296 3
297 297 3
298 295 3
298 296 3
298 297 3
298 298 3
299 296 3
299 297 3
299 298 3
299 299 3
300 297 3
300 298 3
300 299 3
300 300 3
301 298 3
301 299 3
301 300 3
301 301 3
302 299 3
302 300 3
302 301 3
302 302 3
303 300 3
303 301 3
303 302 3
303 303 3
304 301 3
304 302 3
304 303 3
304 304 3
305 302 3
305 303 3
305 304 3
305 305 3
306 303 3
306 304 3
306 305 3
306 306 3
307 304 3
307 305 3
307 306 3
307 307 3
308 305 3
308 306 3
308 307 3
308 308 3
309 306 3
309 307 3
309 308 3
309 309 3
310 307 3
310 308 3
310 309 3
310 310 3
311 308 3
311 309 3
311 310 3
311 311 3
312 309 3
312 310 3
312 311 3
312 312 3
313 310 3
313 311 3
313 312 3
313 313 3
314 311 3
314 312 3
314 313 3
314 314 3
315 312 3
315 313 3
315 314 3
315 315 3
316 313 3
316 314 3
316 315 3
316 316 3
317 314 3
317 315 3
317 316 3
317 317 3
318 315 3
318 316 3
318 317 3
318 318 3
319 316 3
319 317 3
319 318 3
319 319 3
320 317 3
320 318 3
320 319 3
320 320 3
321 318 3
321 319 3
321 320 3
321 321 3
322 319 3
322 320 3
322 321 3
322 322 3
323 320 3
323 321 3
323 322 3
323 323 3
324 321 3
324 322 3
324 323 3
324 324 3
325 322 3
325 323 3
325 324 3
325 325 3
326 323 3
326 324 3
326 325 3
326 326 3
327 324 3
327 325 3
327 326 3
327 327 3
328 325 3
328 326 3
328 327 3
328 328 3
329 326 3
329 327 3
329 328 3
329 329 3
330 327 3
330 328 3
330 329 3
330 330 3
331 328 3
331 329 3
331 330 3
331 331 3
332 329 3
332 330 3
332 331 3
332 332 3
333 330 3
333 331 3
333 332 3
333 333 3
334 331 3
334 332 3
334 333 3
334 334 3
335 332 3
335 333 3
335 334 3
335 335 3
336 333 3
336 334 3
336 335 3
336 336 3
337 334 3
337 335 3
337 336 3
337 337 3
338 335 3
338 336 3
338 337 3
338 338 3
339 336 3
339 337 3
339 338 3
339 339 3
340 337 3
340 338 3
340 339 3
340 340 3
341 338 3
341 339 3
341 340 3
341 341 3
342 339 3
342 340 3
342 341 3
342 342 3
343 340 3
343 341 3
343 342 3
343 343 3
344 341 3
344 342 3
344 343 3
344 344 3
345 342 3
345 343 3
345 344 3
345 345 3
346 343 3
346 344 3
346 345 3
346 346 3
347 344 3
347 345 3
347 346 3
347 347 3
348 345 3
348 346 3
348 347 3
348 348 3
349 346 3
349 347 3
349 348 3
349 349 3
350 347 3
350 348 3
350 349 3
350 350 3
351 348 3
351 349 3
351 350 3
351 351 3
352 349 3
352 350 3
352 351 3
352 352 3
353 350 3
353 351 3
353 352 3
353 353 3
354 351 3
354 352 3
354 353 3
354 354 3
355 352 3
355 353 3
355 354 3
355 355 3
356 353 3
356 354 3
356 355 3
356 356 3
357 354 3
357 355 3
357 356 3
357 357 3
358 355 3
358 356 3
358 357 3
358 358 3
359 356 3
359 357 3
359 358 3
359 359 3
360 357 3
360 358 3
360 359 3
360 360 3
361 358 3
361 359 3
361 360 3
361 361 3
362 359 3
362 360 3
362 361 3
362 362 3
363 360 3
363 361 3
363 362 3
363 363 3
364 361 3
364 362 3
364 363 3
364 364 3
365 362 3
365 363 3
365 364 3
365 365 3
366 363 3
366 364 3
366 365 3
366 366 3
367 364 3
367 365 3
367 366 3
367 367 3
368 365 3
368 366 3
368 367 3
368 368 3
369 366 3
369 367 3
369 368 3
369 369 3
370 367 3
370 368 3
370 369 3
370 370 3
371 368 3
371 369 3
371 370 3
371 371 3
372 369 3
372 370 3
372 371 3
372 372 3
373 370 3
373 371 3
373 372 3
373 373 3
374 371 3
374 372 3
374 373 3
374 374 3
375 372 3
375 373 3
375 374 3
375 375 3
376 373 3
376 374 3
376 375 3
376 376 3
377 374 3
377 375 3
377 376 3
377 377 3
378 375 3
378 376 3
378 377 3
378 378 3
379 376 3
379 377 3
379 378 3
379 379 3
380 377 3
380 378 3
380 379 3
380 380 3
381 378 3
381 379 3
381 380 3
381 381 3
382 379 3
382 380 3
382 381 3
382 382 3
383 380 3
383 381 3
383 382 3
383 383 3
384 381 3
384 382 3
384 383 3
384 384 3
385 382 3
385 383 3
385 384 3
385 385 3
386 383 3
386 384 3
386 385 3
386 386 3
387 384 3
387 385 3
387 386 3
387 387 3
388 385 3
388 386 3
388 387 3
388 388 3
389 386 3
389 387 3
389 388 3
389 389 3
390 387 3
390 388 3
390 389 3
390 390 3
391 388 3
391 389 3
391 390 3
391 391 3
392 389 3
392 390 3
392 391 3
392 392 3
393 390 3
393 391 3
393 392 3
393 393 3
394 391 3
394 392 3
394 393 3
394 394 3
395 392 3
395 393 3
395 394 3
395 395 3
396 393 3
396 394 3
396 395 3
396 396 3
397 394 3
397 395 3
397 396 3
397 397 3
398 395 3
398 396 3
398 397 3
398 398 3
399 396 3
399 397 3
399 398 3
399 399 3
400 397 3
400 398 3
400 399 3
400 400 3
401 398 3
401 399 3
401 400 3
401 401 3
402 399 3
402 400 3
402 401 3
402 402 3
403 400 3
403 401 3
403 402 3
403 403 3
404 401 3
404 402 3
404 403 3
404 404 3
405 402 3
405 403 3
405 404 3
405 405 3
406 403 3
406 404 3
406 405 3
406 406 3
407 404 3
407 405 3
407 406 3
407 407 3
408 405 3
408 406 3
408 407 3
408 408 3
409 406 3
409 407 3
409 408 3
409 409 3
410 407 3
410 408 3
410 409 3
410 410 3
411 408 3
411 409 3
411 410 3
411 411 3
412 409 3
412 410 3
412 411 3
412 412 3
413 410 3
413 411 3
413 412 3
413 413 3
414 411 3
414 412 3
414 413 3
414 414 3
415 412 3
415 413 3
415 414 3
415 415 3
416 413 3
416 414 3
416 415 3
416 416 3
417 414 3
417 415 3
417 416 3
417 417 3
418 415 3
418 416 3
418 417 3
418 418 3
419 416 3
419 417 3
419 418 3
419 419 3
420 417 3
420 418 3
420 419 3
420 420 3
421 418 3
421 419 3
421 420 3
421 421 3
422 419 3
422 420 3
422 421 3
422 422 3
423 420 3
423 421 3
423 422 3
423 423 3
424 421 3
424 422 3
424 423 3
424 424 3
425 422 3
425 423 3
425 424 3
425 425 3
426 423 3
426 424 3
426 425 3
426 426 3
427 424 3
427 425 3
427 426 3
427 427 3
428 425 3
428 426 3
428 427 3
428 428 3
429 426 3
429 427 3
429 428 3
429 429 3
430 427 3
430 428 3
430 429 3
430 430 3
431 428 3
431 429 3
431 430 3
431 431 3
432 429 3
432 430 3
432 431 3
432 432 3
433 430 3
433 431 3
433 432 3
433 433 3
434 431 3
434 432 3
434 433 3
434 434 3
435 432 3
435 433 3
435 434 3
435 435 3
436 433 3
436 434 3
436 435 3
436 436 3
437 434 3
437 435 3
437 436 3
437 437 3
438 435 3
438 436 3
438 437 3
438 438 3
439 436 3
439 437 3
439 438 3
439 439 3
440 437 3
440 438 3
440 439 3
440 440 3
441 438 3
441 439 3
441 440 3
441 441 3
442 439 3
442 440 3
442 441 3
442 442 3
443 440 3
443 441 3
443 442 3
443 443 3
444 441 3
444 442 3
444 443 3
444 444 3
445 442 3
445 443 3
445 444 3
445 445 3
446 443 3
446 444 3
446 445 3
446 446 3
447 444 3
447 445 3
447 446 3
447 447 3
448 445 3
448 446 3
448 447 3
448 448 3
449 446 3
449 447 3
449 448 3
449 449 3
450 447 3
450 448 3
450 449 3
450 450 3
451 448 3
451 449 3
451 450 3
451 451 3
452 449 3
452 450 3
452 451 3
452 452 3
453 450 3
453 451 3
453 452 3
453 453 3
454 451 3
454 452 3
454 453 3
454 454 3
455 452 3
455 453 3
455 454 3
455 455 3
456 453 3
456 454 3
456 455 3
456 456 3
457 454 3
457 455 3
457 456 3
457 457 3
458 455 3
458 456 3
458 457 3
458 458 3
459 456 3
459 457 3
459 458 3
459 459 3
460 457 3
460 458 3
460 459 3
460 460 3
461 458 3
461 459 3
461 460 3
461 461 3
462 459 3
462 460 3
462 461 3
462 462 3
463 460 3
463 461 3
463 462 3
463 463 3
464 461 3
464 462 3
464 463 3
464 464 3
465 462 3
465 463 3
465 464 3
465 465 3
466 463 3
466 464 3
466 465 3
466 466 3
467 464 3
467 465 3
467 466 3
467 467 3
468 465 3
468 466 3
468 467 3
468 468 3
469 466 3
469 467 3
469 468 3
469 469 3
470 467 3
470 468 3
470 469 3
470 470 3
471 468 3
471 469 3
471 470 3
471 471 3
472 469 3
472 470 3
472 471 3
472 472 3
473 470 3
473 471 3
473 472 3
473 473 3
474 471 3
474 472 3
474 473 3
474 474 3
475 472 3
475 473 3
475 474 3
475 475 3
476 473 3
476 474 3
476 475 3
476 476 3
477 474 3
477 475 3
477 476 3
477 477 3
478 475 3
478 476 3
478 477 3
478 478 3
479 476 3
479 477 3
479 478 3
479 479 3
480 477 3
480 478 3
480 479 3
480 480 3
481 478 3
481 479 3
481 480 3
481 481 3
482 479 3
482 480 3
482 481 3
482 482 3
483 480 3
483 481 3
483 482 3
483 483 3
484 481 3
484 482 3
484 483 3
484 484 3
485 482 3
485 483 3
485 484 3
485 485 3
486 483 3
486 484 3
486 485 3
486 486 3
487 484 3
487 485 3
487 486 3
487 487 3
488 485 3
488 486 3
488 487 3
488 488 3
489 486 3
489 487 3
489 488 3
489 489 3
490 487 3
490 488 3
490 489 3
490 490 3
491 488 3
491 489 3
491 490 3
491 491 3
492 489 3
492 490 3
492 491 3
492 492 3
493 490 3
493 491 3
493 492 3
493 493 3
494 491 3
494 492 3
494 493 3
494 494 3
495 492 3
495 493 3
495 494 3
495 495 3
496 493 3
496 494 3
496 495 3
496 496 3
497 494 3
497 495 3
497 496 3
497 497 3
498 495 3
498 496 3
498 497 3
498 498 3
499 496 3
499 497 3
499 498 3
499 499 3
500 497 3
500 498 3
500 499 3
500 500 3
500 500 999
1 1 5
1 2 5
2 2 5
2 3 5
3 3 5
3 4 5
4 4 5
4 5 5
5 5 5
5 6 5
6 6 5
6 7 5
7 7 5
7 8 5
8 8 5
8 9 5
9 9 5
9 10 5
10 10 5
10 11 5
11 11 5
11 12 5
12 12 5
12 13 5
13 13 5
13 14 5
14 14 5
14 15 5
15 15 5
15 16 5
16 16 5
16 17 5
17 17 5
17 18 5
18 18 5
18 19 5
19 19 5
19 20 5
20 20 5
20 21 5
21 21 5
21 22 5
22 22 5
22 23 5
23 23 5
23 24 5
24 24 5
24 25 5
25 25 5
25 26 5
26 26 5
26 27 5
27 27 5
27 28 5
28 28 5
28 29 5
29 29 5
29 30 5
30 30 5
30 31 5
31 31 5
31 32 5
32 32 5
32 33 5
33 33 5
33 34 5
34 34 5
34 35 5
35 35 5
35 36 5
36 36 5
36 37 5
37 37 5
37 38 5
38 38 5
38 39 5
39 39 5
39 40 5
40 40 5
40 41 5
41 41 5
41 42 5
42 42 5
42 43 5
43 43 5
43 44 5
44 44 5
44 45 5
45 45 5
45 46 5
46 46 5
46 47 5
47 47 5
47 48 5
48 48 5
48 49 5
49 49 5
49 50 5
50 50 5
50 51 5
51 51 5
51 52 5
52 52 5
52 53 5
53 53 5
53 54 5
54 54 5
54 55 5
55 55 5
55 56 5
56 56 5
56 57 5
57 57 5
57 58 5
58 58 5
58 59 5
59 59 5
59 60 5
60 60 5
60 61 5
61 61 5
61 62 5
62 62 5
62 63 5
63 63 5
63 64 5
64 64 5
64 65 5
65 65 5
65 66 5
66 66 5
66 67 5
67 67 5
67 68 5
68 68 5
68 69 5
69 69 5
69 70 5
70 70 5
70 71 5
71 71 5
71 72 5
72 72 5
72 73 5
73 73 5
73 74 5
74 74 5
74 75 5
75 75 5
75 76 5
76 76 5
76 77 5
77 77 5
77 78 5
78 78 5
78 79 5
79 79 5
79 80 5
80 80 5
80 81 5
81 81 5
81 82 5
82 82 5
82 83 5
83 83 5
83 84 5
84 84 5
84 85 5
85 85 5
85 86 5
86 86 5
86 87 5
87 87 5
87 88 5
88 88 5
88 89 5
89 89 5
89 90 5
90 90 5
90 91 5
91 91 5
91 92 5
92 92 5
92 93 5
93 93 5
93 94 5
94 94 5
94 95 5
95 95 5
95 96 5
96 96 5
96 97 5
97 97 5
97 98 5
98 98 5
98 99 5
99 99 5
99 100 5
100 100 5
100 101 5
101 101 5
101 102 5
102 102 5
102 103 5
103 103 5
103 104 5
104 104 5
104 105 5
105 105 5
105 106 5
106 106 5
106 107 5
107 107 5
107 108 5
108 108 5
108 109 5
109 109 5
109 110 5
110 110 5
110 111 5
111 111 5
111 112 5
112 112 5
112 113 5
113 113 5
113 114 5
114 114 5
114 115 5
115 115 5
115 116 5
116 116 5
116 117 5
117 117 5
117 118 5
118 118 5
118 119 5
119 119 5
119 120 5
120 120 5
120 121 5
121 121 5
121 122 5
122 122 5
122 123 5
123 123 5
123 124 5
124 124 5
124 125 5
125 125 5
125 126 5
126 126 5
126 127 5
127 127 5
127 128 5
128 128 5
128 129 5
129 129 5
129 130 5
130 130 5
130 131 5
131 131 5
131 132 5
132 132 5
132 133 5
133 133 5
133 134 5
134 134 5
134 135 5
135 135 5
135 136 5
136 136 5
136 137 5
137 137 5
137 138 5
138 138 5
138 139 5
139 139 5
139 140 5
140 140 5
140 141 5
141 141 5
141 142 5
142 142 5
142 143 5
143 143 5
143 144 5
144 144 5
144 145 5
145 145 5
145 146 5
146 146 5
146 147 5
147 147 5
147 148 5
148 148 5
148 149 5
149 149 5
149 150 5
150 150 5
150 151 5
151 151 5
151 152 5
152 152 5
152 153 5
153 153 5
153 154 5
154 154 5
154 155 5
155 155 5
155 156 5
156 156 5
156 157 5
157 157 5
157 158 5
158 158 5
158 159 5
159 159 5
159 160 5
160 160 5
160 161 5
161 161 5
161 162 5
162 162 5
162 163 5
163 163 5
163 164 5
164 164 5
164 165 5
165 165 5
165 166 5
166 166 5
166 167 5
167 167 5
167 168 5
168 168 5
168 169 5
169 169 5
169 170 5
170 170 5
170 171 5
171 171 5
171 172 5
172 172 5
172 173 5
173 173 5
173 174 5
174 174 5
174 175 5
175 175 5
175 176 5
176 176 5
176 177 5
177 177 5
177 178 5
178 178 5
178 179 5
179 179 5
179 180 5
180 180 5
180 181 5
181 181 5
181 182 5
182 182 5
182 183 5
183 183 5
183 184 5
184 184 5
184 185 5
185 185 5
185 186 5
186 186 5
186 187 5
187 187 5
187 188 5
188 188 5
188 189 5
189 189 5
189 190 5
190 190 5
190 191 5
191 191 5
191 192 5
192 192 5
192 193 5
193 193 5
193 194 5
194 194 5
194 195 5
195 195 5
195 196 5
196 196 5
196 197 5
197 197 5
197 198 5
198 198 5
198 199 5
199 199 5
199 200 5
200 200 5
200 201 5
201 201 5
201 202 5
202 202 5
202 203 5
203 203 5
203 204 5
204 204 5
204 205 5
205 205 5
205 206 5
206 206 5
206 207 5
207 207 5
207 208 5
208 208 5
208 209 5
209 209 5
209 210 5
210 210 5
210 211 5
211 211 5
211 212 5
212 212 5
212 213 5
213 213 5
213 214 5
214 214 5
214 215 5
215 215 5
215 216 5
216 216 5
216 217 5
217 217 5
217 218 5
218 218 5
218 219 5
219 219 5
219 220 5
220 220 5
220 221 5
221 221 5
221 222 5
222 222 5
222 223 5
223 223 5
223 224 5
224 224 5
224 225 5
225 225 5
225 226 5
226 226 5
226 227 5
227 227 5
227 228 5
228 228 5
228 229 5
229 229 5
229 230 5
230 230 5
230 231 5
231 231 5
231 232 5
232 232 5
232 233 5
233 233 5
233 234 5
234 234 5
234 235 5
235 235 5
235 236 5
236 236 5
236 237 5
237 237 5
237 238 5
238 238 5
238 239 5
239 239 5
239 240 5
240 240 5
240 241 5
241 241 5
241 242 5
242 242 5
242 243 5
243 243 5
243 244 5
244 244 5
244 245 5
245 245 5
245 246 5
246 246 5
246 247 5
247 247 5
247 248 5
248 248 5
248 249 5
249 249 5
249 250 5
250 250 5
250 251 5
251 251 5
251 252 5
252 252 5
252 253 5
253 253 5
253 254 5
254 254 5
254 255 5
255 255 5
255 256 5
256 256 5
256 257 5
257 257 5
257 258 5
258 258 5
258 259 5
259 259 5
259 260 5
260 260 5
260 261 5
261 261 5
261 262 5
262 262 5
262 263 5
263 263 5
263 264 5
264 264 5
264 265 5
265 265 5
265 266 5
266 266 5
266 267 5
267 267 5
267 268 5
268 268 5
268 269 5
269 269 5
269 270 5
270 270 5
270 271 5
271 271 5
271 272 5
272 272 5
272 273 5
273 273 5
273 274 5
274 274 5
274 275 5
275 275 5
275 276 5
276 276 5
276 277 5
277 277 5
277 278 5
278 278 5
278 279 5
279 279 5
279 280 5
280 280 5
280 281 5
281 281 5
281 282 5
282 282 5
282 283 5
283 283 5
283 284 5
284 284 5
284 285 5
285 285 5
285 286 5
286 286 5
286 287 5
287 287 5
287 288 5
288 288 5
288 289 5
289 289 5
289 290 5
290 290 5
290 291 5
291 291 5
291 292 5
292 292 5
292 293 5
293 293 5
293 294 5
294 294 5
294 295 5
295 295 5
295 296 5
296 296 5
296 297 5
297 297 5
297 298 5
298 298 5
298 299 5
299 299 5
299 300 5
300 300 5
300 301 5
301 301 5
301 302 5
302 302 5
302 303 5
303 303 5
303 304 5
304 304 5
304 305 5
305 305 5
305 306 5
306 306 5
306 307 5
307 307 5
307 308 5
308 308 5
308 309 5
309 309 5
309 310 5
310 310 5
310 311 5
311 311 5
311 312 5
312 312 5
312 313 5
313 313 5
313 314 5
314 314 5
314 315 5
315 315 5
315 316 5
316 316 5
316 317 5
317 317 5
317 318 5
318 318 5
318 319 5
319 319 5
319 320 5
320 320 5
320 321 5
321 321 5
321 322 5
322 322 5
322 323 5
323 323 5
323 324 5
324 324 5
324 325 5
325 325 5
325 326 5
326 326 5
326 327 5
327 327 5
327 328 5
328 328 5
328 329 5
329 329 5
329 330 5
330 330 5
330 331 5
331 331 5
331 332 5
332 332 5
332 333 5
333 333 5
333 334 5
334 334 5
334 335 5
335 335 5
335 336 5
336 336 5
336 337 5
337 337 5
337 338 5
338 338 5
338 339 5
339 339 5
339 340 5
340 340 5
340 341 5
341 341 5
341 342 5
342 342 5
342 343 5
343 343 5
343 344 5
344 344 5
344 345 5
345 345 5
345 346 5
346 346 5
346 347 5
347 347 5
347 348 5
348 348 5
348 349 5
349 349 5
349 350 5
350 350 5
350 351 5
351 351 5
351 352 5
352 352 5
352 353 5
353 353 5
353 354 5
354 354 5
354 355 5
355 355 5
355 356 5
356 356 5
356 357 5
357 357 5
357 358 5
358 358 5
358 359 5
359 359 5
359 360 5
360 360 5
360 361 5
361 361 5
361 362 5
362 362 5
362 363 5
363 363 5
363 364 5
364 364 5
364 365 5
365 365 5
365 366 5
366 366 5
366 367 5
367 367 5
367 368 5
368 368 5
368 369 5
369 369 5
369 370 5
370 370 5
370 371 5
371 371 5
371 372 5
372 372 5
372 373 5
373 373 5
373 374 5
374 374 5
374 375 5
375 375 5
375 376 5
376 376 5
376 377 5
377 377 5
377 378 5
378 378 5
378 379 5
379 379 5
379 380 5
380 380 5
380 381 5
381 381 5
381 382 5
382 382 5
382 383 5
383 383 5
383 384 5
384 384 5
384 385 5
385 385 5
385 386 5
386 386 5
386 387 5
387 387 5
387 388 5
388 388 5
388 389 5
389 389 5
389 390 5
390 390 5
390 391 5
391 391 5
391 392 5
392 392 5
392 393 5
393 393 5
393 394 5
394 394 5
394 395 5
395 395 5
395 396 5
396 396 5
396 397 5
397 397 5
397 398 5
398 398 5
398 399 5
399 399 5
399 400 5
400 400 5
400 401 5
401 401 5
401 402 5
402 402 5
402 403 5
403 403 5
403 404 5
404 404 5
404 405 5
405 405 5
405 406 5
406 406 5
406 407 5
407 407 5
407 408 5
408 408 5
408 409 5
409 409 5
409 410 5
410 410 5
410 411 5
411 411 5
411 412 5
412 412 5
412 413 5
413 413 5
413 414 5
414 414 5
414 415 5
415 415 5
415 416 5
416 416 5
416 417 5
417 417 5
417 418 5
418 418 5
418 419 5
419 419 5
419 420 5
420 420 5
420 421 5
421 421 5
421 422 5
422 422 5
422 423 5
423 423 5
423 424 5
424 424 5
424 425 5
425 425 5
425 426 5
426 426 5
426 427 5
427 427 5
427 428 5
428 428 5
428 429 5
429 429 5
429 430 5
430 430 5
430 431 5
431 431 5
431 432 5
432 432 5
432 433 5
433 433 5
433 434 5
434 434 5
434 435 5
435 435 5
435 436 5
436 436 5
436 437 5
437 437 5
437 438 5
438 438 5
438 439 5
439 439 5
439 440 5
440 440 5
440 441 5
441 441 5
441 442 5
442 442 5
442 443 5
443 443 5
443 444 5
444 444 5
444 445 5
445 445 5
445 446 5
446 446 5
446 447 5
447 447 5
447 448 5
448 448 5
448 449 5
449 449 5
449 450 5
450 450 5
450 451 5
451 451 5
451 452 5
452 452 5
452 453 5
453 453 5
453 454 5
454 454 5
454 455 5
455 455 5
455 456 5
456 456 5
456 457 5
457 457 5
457 458 5
458 458 5
458 459 5
459 459 5
459 460 5
460 460 5
460 461 5
461 461 5
461 462 5
462 462 5
462 463 5
463 463 5
463 464 5
464 464 5
464 465 5
465 465 5
465 466 5
466 466 5
466 467 5
467 467 5
467 468 5
468 468 5
468 469 5
469 469 5
469 470 5
470 470 5
470 471 5
471 471 5
471 472 5
472 472 5
472 473 5
473 473 5
473 474 5
474 474 5
474 475 5
475 475 5
475 476 5
476 476 5
476 477 5
477 477 5
477 478 5
478 478 5
478 479 5
479 479 5
479 480 5
480 480 5
480 481 5
481 481 5
481 482 5
482 482 5
482 483 5
483 483 5
483 484 5
484 484 5
484 485 5
485 485 5
485 486 5
486 486 5
486 487 5
487 487 5
487 488 5
488 488 5
488 489 5
489 489 5
489 490 5
490 490 5
490 491 5
491 491 5
491 492 5
492 492 5
492 493 5
493 493 5
493 494 5
494 494 5
494 495 5
495 495 5
495 496 5
496 496 5
496 497 5
497 497 5
497 498 5
498 498 5
498 499 5
499 499 5
499 500 5
500 500 5
