The worst-case time, in milliseconds, are
n 	Repetitions 	 Total Ticks 	Time per Sort
0	6605842	1000	0.000151381
10	2461486	1000	0.000406259
20	1020396	1000	0.000980012
30	585217	1000	0.00170877
40	384720	1000	0.00259929
50	262557	1000	0.0038087
60	200216	1000	0.00499461
70	150964	1000	0.0066241
80	126457	1000	0.00790783
90	99776	1000	0.0100225
100	80252	1000	0.0124607
200	20849	1000	0.0479639
300	9527	1000	0.104965
400	5537	1000	0.180603
500	3576	1000	0.279642
600	2466	1000	0.405515
700	1870	1000	0.534759
800	1393	1000	0.717875
900	1156	1000	0.865052
1000	918	1000	1.08932
