The worst-case time, in milliseconds, are
n 	Repetitions 	 Total Ticks 	Time per Sort
0	6508217	1002	0.000153959
10	2554809	1000	0.000391419
20	1071832	1001	0.000933915
30	665808	1002	0.00150494
40	406185	1015	0.00249886
50	265121	1000	0.00377186
60	200676	1000	0.00498316
70	155751	1000	0.0064205
80	127017	1000	0.00787296
90	104809	1014	0.00967474
100	78607	1000	0.0127215
200	21720	1001	0.0460866
300	9595	1000	0.104221
400	5521	1015	0.183844
500	2937	1032	0.351379
600	1896	1000	0.527426
700	1589	1015	0.638767
800	1393	1000	0.717875
900	1119	1000	0.893655
1000	910	1000	1.0989
