The worst-case time, in milliseconds, are
n 	Repetitions 	 Total Ticks 	Time per Sort
0	6588805	1000	0.000151773
10	6129343	1000	0.00016315
20	5045923	1000	0.00019818
30	4538200	1000	0.000220352
40	3917638	1000	0.000255256
50	3014729	1000	0.000331705
60	2938464	1000	0.000340314
70	3443893	1000	0.000290369
80	3199015	1000	0.000312596
90	3065545	1000	0.000326206
100	2985688	1000	0.000334931
200	1908110	1000	0.000524079
300	1334703	1000	0.00074923
400	1066095	1000	0.000938003
500	909538	1000	0.00109946
600	775957	1000	0.00128873
700	668417	1000	0.00149607
800	587742	1000	0.00170143
900	534983	1000	0.00186922
1000	482291	1000	0.00207344
